Using pre-set license

(Unity:16015): Gtk-WARNING **: 18:14:01.635: Theme parsing error: gtk.css:73:46: The style property GtkScrolledWindow:scrollbars-within-bevel is deprecated and shouldn't be used anymore. It will be removed in a future version
Gtk-Message: 18:14:01.664: Failed to load module "appmenu-gtk-module"
Desktop is 4080 x 3840 @ 60 Hz

 COMMAND LINE ARGUMENTS:
Unity
-adb2
-batchMode
-noUpm
-name
AssetImportWorker0
-projectPath
/home/hp/Projects/Unity/Practice
-logFile
Logs/AssetImportWorker0.log
-srvPort
36003
Successfully changed project path to: /home/hp/Projects/Unity/Practice
/home/hp/Projects/Unity/Practice
Using Asset Import Pipeline V2.
Refreshing native plugins compatible for Editor in 39.57 ms, found 0 plugins.
Preloading 0 native plugins for Editor in 0.00 ms.
Initialize engine version: 2020.3.3f1 (76626098c1c4)
[Subsystems] Discovering subsystems at path /home/hp/Unity/Hub/Editor/2020.3.3f1/Editor/Data/Resources/UnitySubsystems
[Subsystems] Discovering subsystems at path /home/hp/Projects/Unity/Practice/Assets
GLX Extensions: GLX_ARB_create_context GLX_ARB_create_context_no_error GLX_ARB_create_context_profile GLX_ARB_create_context_robustness GLX_ARB_fbconfig_float GLX_ARB_framebuffer_sRGB GLX_ARB_get_proc_address GLX_ARB_multisample GLX_EXT_buffer_age GLX_EXT_create_context_es2_profile GLX_EXT_create_context_es_profile GLX_EXT_fbconfig_packed_float GLX_EXT_framebuffer_sRGB GLX_EXT_import_context GLX_EXT_swap_control GLX_EXT_swap_control_tear GLX_EXT_texture_from_pixmap GLX_EXT_visual_info GLX_EXT_visual_rating GLX_INTEL_swap_event GLX_MESA_copy_sub_buffer GLX_MESA_query_renderer GLX_MESA_swap_control GLX_OML_swap_method GLX_OML_sync_control GLX_SGIS_multisample GLX_SGIX_fbconfig GLX_SGIX_pbuffer GLX_SGIX_visual_select_group GLX_SGI_make_current_read GLX_SGI_swap_control GLX_SGI_video_sync 
Renderer: Mesa Intel(R) UHD Graphics 630 (CFL GT2)
Vendor:   Intel
Version:  4.6 (Core Profile) Mesa 21.0.3
GLES:     0
 GL_3DFX_texture_compression_FXT1 GL_AMD_conservative_depth GL_AMD_depth_clamp_separate GL_AMD_draw_buffers_blend GL_AMD_gpu_shader_int64 GL_AMD_multi_draw_indirect GL_AMD_performance_monitor GL_AMD_pinned_memory GL_AMD_query_buffer_object GL_AMD_seamless_cubemap_per_texture GL_AMD_shader_stencil_export GL_AMD_shader_trinary_minmax GL_AMD_texture_texture4 GL_AMD_vertex_shader_layer GL_AMD_vertex_shader_viewport_index GL_ANGLE_texture_compression_dxt3 GL_ANGLE_texture_compression_dxt5 GL_ARB_ES2_compatibility GL_ARB_ES3_1_compatibility GL_ARB_ES3_2_compatibility GL_ARB_ES3_compatibility GL_ARB_arrays_of_arrays GL_ARB_base_instance GL_ARB_blend_func_extended GL_ARB_buffer_storage GL_ARB_clear_buffer_object GL_ARB_clear_texture GL_ARB_clip_control GL_ARB_compressed_texture_pixel_storage GL_ARB_compute_shader GL_ARB_compute_variable_group_size GL_ARB_conditional_render_inverted GL_ARB_conservative_depth GL_ARB_copy_buffer GL_ARB_copy_image GL_ARB_cull_distance GL_ARB_debug_output GL_ARB_depth_buffer_float GL_ARB
_depth_clamp GL_ARB_derivative_control GL_ARB_direct_state_access GL_ARB_draw_buffers GL_ARB_draw_buffers_blend GL_ARB_draw_elements_base_vertex GL_ARB_draw_indirect GL_ARB_draw_instanced GL_ARB_enhanced_layouts GL_ARB_explicit_attrib_location GL_ARB_explicit_uniform_location GL_ARB_fragment_coord_conventions GL_ARB_fragment_layer_viewport GL_ARB_fragment_shader GL_ARB_fragment_shader_interlock GL_ARB_framebuffer_no_attachments GL_ARB_framebuffer_object GL_ARB_framebuffer_sRGB GL_ARB_get_program_binary GL_ARB_get_texture_sub_image GL_ARB_gl_spirv GL_ARB_gpu_shader5 GL_ARB_gpu_shader_fp64 GL_ARB_gpu_shader_int64 GL_ARB_half_float_pixel GL_ARB_half_float_vertex GL_ARB_indirect_parameters GL_ARB_instanced_arrays GL_ARB_internalformat_query GL_ARB_internalformat_query2 GL_ARB_invalidate_subdata GL_ARB_map_buffer_alignment GL_ARB_map_buffer_range GL_ARB_multi_bind GL_ARB_multi_draw_indirect GL_ARB_occlusion_query2 GL_ARB_parallel_shader_compile GL_ARB_pipeline_statistics_query GL_ARB_pixel_buffer_object GL_ARB_po
int_sprite GL_ARB_polygon_offset_clamp GL_ARB_post_depth_coverage GL_ARB_program_interface_query GL_ARB_provoking_vertex GL_ARB_query_buffer_object GL_ARB_robust_buffer_access_behavior GL_ARB_robustness GL_ARB_sample_shading GL_ARB_sampler_objects GL_ARB_seamless_cube_map GL_ARB_seamless_cubemap_per_texture GL_ARB_separate_shader_objects GL_ARB_shader_atomic_counter_ops GL_ARB_shader_atomic_counters GL_ARB_shader_ballot GL_ARB_shader_bit_encoding GL_ARB_shader_clock GL_ARB_shader_draw_parameters GL_ARB_shader_group_vote GL_ARB_shader_image_load_store GL_ARB_shader_image_size GL_ARB_shader_objects GL_ARB_shader_precision GL_ARB_shader_stencil_export GL_ARB_shader_storage_buffer_object GL_ARB_shader_subroutine GL_ARB_shader_texture_image_samples GL_ARB_shader_texture_lod GL_ARB_shader_viewport_layer_array GL_ARB_shading_language_420pack GL_ARB_shading_language_include GL_ARB_shading_language_packing GL_ARB_spirv_extensions GL_ARB_stencil_texturing GL_ARB_sync GL_ARB_tessellation_shader GL_ARB_texture_barrier G
L_ARB_texture_buffer_object GL_ARB_texture_buffer_object_rgb32 GL_ARB_texture_buffer_range GL_ARB_texture_compression_bptc GL_ARB_texture_compression_rgtc GL_ARB_texture_cube_map_array GL_ARB_texture_filter_anisotropic GL_ARB_texture_float GL_ARB_texture_gather GL_ARB_texture_mirror_clamp_to_edge GL_ARB_texture_multisample GL_ARB_texture_non_power_of_two GL_ARB_texture_query_levels GL_ARB_texture_query_lod GL_ARB_texture_rectangle GL_ARB_texture_rg GL_ARB_texture_rgb10_a2ui GL_ARB_texture_stencil8 GL_ARB_texture_storage GL_ARB_texture_storage_multisample GL_ARB_texture_swizzle GL_ARB_texture_view GL_ARB_timer_query GL_ARB_transform_feedback2 GL_ARB_transform_feedback3 GL_ARB_transform_feedback_instanced GL_ARB_transform_feedback_overflow_query GL_ARB_uniform_buffer_object GL_ARB_vertex_array_bgra GL_ARB_vertex_array_object GL_ARB_vertex_attrib_64bit GL_ARB_vertex_attrib_binding GL_ARB_vertex_buffer_object GL_ARB_vertex_shader GL_ARB_vertex_type_10f_11f_11f_rev GL_ARB_vertex_type_2_10_10_10_rev GL_ARB_viewpor
t_array GL_ATI_blend_equation_separate GL_ATI_texture_float GL_EXT_EGL_image_storage GL_EXT_EGL_sync GL_EXT_abgr GL_EXT_blend_equation_separate GL_EXT_demote_to_helper_invocation GL_EXT_draw_buffers2 GL_EXT_draw_instanced GL_EXT_framebuffer_blit GL_EXT_framebuffer_multisample GL_EXT_framebuffer_multisample_blit_scaled GL_EXT_framebuffer_object GL_EXT_framebuffer_sRGB GL_EXT_packed_depth_stencil GL_EXT_packed_float GL_EXT_pixel_buffer_object GL_EXT_polygon_offset_clamp GL_EXT_provoking_vertex GL_EXT_semaphore GL_EXT_semaphore_fd GL_EXT_shader_framebuffer_fetch GL_EXT_shader_framebuffer_fetch_non_coherent GL_EXT_shader_integer_mix GL_EXT_shader_samples_identical GL_EXT_texture_array GL_EXT_texture_compression_dxt1 GL_EXT_texture_compression_rgtc GL_EXT_texture_compression_s3tc GL_EXT_texture_filter_anisotropic GL_EXT_texture_integer GL_EXT_texture_sRGB GL_EXT_texture_sRGB_R8 GL_EXT_texture_sRGB_decode GL_EXT_texture_shadow_lod GL_EXT_texture_shared_exponent GL_EXT_texture_snorm GL_EXT_texture_swizzle GL_EXT_ti
mer_query GL_EXT_transform_feedback GL_EXT_vertex_array_bgra GL_EXT_vertex_attrib_64bit GL_IBM_multimode_draw_arrays GL_INTEL_blackhole_render GL_INTEL_conservative_rasterization GL_INTEL_performance_query GL_INTEL_shader_atomic_float_minmax GL_INTEL_shader_integer_functions2 GL_KHR_blend_equation_advanced GL_KHR_blend_equation_advanced_coherent GL_KHR_context_flush_control GL_KHR_debug GL_KHR_no_error GL_KHR_parallel_shader_compile GL_KHR_robust_buffer_access_behavior GL_KHR_robustness GL_KHR_texture_compression_astc_ldr GL_KHR_texture_compression_astc_sliced_3d GL_MESA_framebuffer_flip_y GL_MESA_pack_invert GL_MESA_shader_integer_functions GL_MESA_texture_signed_rgba GL_NV_compute_shader_derivatives GL_NV_conditional_render GL_NV_copy_image GL_NV_depth_clamp GL_NV_fragment_shader_interlock GL_NV_packed_depth_stencil GL_NV_texture_barrier GL_OES_EGL_image GL_S3_s3tc
OPENGL LOG: Creating OpenGL 4.6 graphics device ; Context level  <OpenGL 4.5> ; Context handle -1809374752
Initialize mono
Mono path[0] = '/home/hp/Unity/Hub/Editor/2020.3.3f1/Editor/Data/Managed'
Mono path[1] = '/home/hp/Unity/Hub/Editor/2020.3.3f1/Editor/Data/MonoBleedingEdge/lib/mono/unityjit'
Mono config path = '/home/hp/Unity/Hub/Editor/2020.3.3f1/Editor/Data/MonoBleedingEdge/etc'
Using monoOptions --debugger-agent=transport=dt_socket,embedding=1,server=y,suspend=n,address=127.0.0.1:56015
Begin MonoManager ReloadAssembly
Registering precompiled unity dll's ...
Register platform support module: /home/hp/Unity/Hub/Editor/2020.3.3f1/Editor/Data/PlaybackEngines/WindowsStandaloneSupport/UnityEditor.WindowsStandalone.Extensions.dll
Register platform support module: /home/hp/Unity/Hub/Editor/2020.3.3f1/Editor/Data/PlaybackEngines/LinuxStandaloneSupport/UnityEditor.LinuxStandalone.Extensions.dll
Registered in 0.003098 seconds.
Native extension for LinuxStandalone target not found
Native extension for WindowsStandalone target not found
Refreshing native plugins compatible for Editor in 35.00 ms, found 0 plugins.
Preloading 0 native plugins for Editor in 0.00 ms.
Invoked RoslynAnalysisRunner static constructor.
RoslynAnalysisRunner will not be running.
RoslynAnalysisRunner has terminated.
Mono: successfully reloaded assembly
- Completed reload, in  1.431 seconds
Platform modules already initialized, skipping
Registering precompiled user dll's ...
Registered in 0.000518 seconds.
Begin MonoManager ReloadAssembly
Native extension for LinuxStandalone target not found
Native extension for WindowsStandalone target not found
Refreshing native plugins compatible for Editor in 0.35 ms, found 0 plugins.
Preloading 0 native plugins for Editor in 0.00 ms.
Invoked RoslynAnalysisRunner static constructor.
RoslynAnalysisRunner will not be running.
RoslynAnalysisRunner has terminated.
Mono: successfully reloaded assembly
- Completed reload, in  1.093 seconds
Platform modules already initialized, skipping
========================================================================
Worker process is ready to serve import requests
Launched and connected shader compiler UnityShaderCompiler after 0.01 seconds
Refreshing native plugins compatible for Editor in 0.44 ms, found 0 plugins.
Preloading 0 native plugins for Editor in 0.00 ms.
Unloading 1193 Unused Serialized files (Serialized files now loaded: 0)
System memory in use before: 53.7 MB.
System memory in use after: 53.7 MB.

Unloading 13 unused Assets to reduce memory usage. Loaded Objects now: 1640.
Total: 8.472010 ms (FindLiveObjects: 0.653414 ms CreateObjectMapping: 0.297810 ms MarkObjects: 7.182796 ms  DeleteObjects: 0.333273 ms)

========================================================================
Received Import Request.
  path: Assets/Resources/MainRole/beer1_atari.asset
  artifactKey: Guid(3ef7abd2caa9d62c3bb32c7f924f6d0c) Importer(815301076,1909f56bfc062723c751e8b465ee728b)
Start importing Assets/Resources/MainRole/beer1_atari.asset using Guid(3ef7abd2caa9d62c3bb32c7f924f6d0c) Importer(815301076,1909f56bfc062723c751e8b465ee728b)  -> (artifact id: '4d0b20bb52c4a9a014cded3c4f6e4fdb') in 0.140331 seconds
  Import took 0.145082 seconds .

========================================================================
Received Import Request.
  Time since last request: 0.002053 seconds.
  path: Assets/Resources/MainRole/beer1_atari.asset
  artifactKey: Guid(3ef7abd2caa9d62c3bb32c7f924f6d0c) Importer(815301076,1909f56bfc062723c751e8b465ee728b)
Start importing Assets/Resources/MainRole/beer1_atari.asset using Guid(3ef7abd2caa9d62c3bb32c7f924f6d0c) Importer(815301076,1909f56bfc062723c751e8b465ee728b)  -> (artifact id: '4d0b20bb52c4a9a014cded3c4f6e4fdb') in 0.015727 seconds
  Import took 0.022476 seconds .

========================================================================
Received Import Request.
  Time since last request: 6.104635 seconds.
  path: Assets/Resources/MainRole/out_bottle2_1.asset
  artifactKey: Guid(6320c821e6f85de8f90c1246f20ead84) Importer(815301076,1909f56bfc062723c751e8b465ee728b)
Start importing Assets/Resources/MainRole/out_bottle2_1.asset using Guid(6320c821e6f85de8f90c1246f20ead84) Importer(815301076,1909f56bfc062723c751e8b465ee728b)  -> (artifact id: 'ff95805d167c0330b72e5ca5db1c19d9') in 0.010228 seconds
  Import took 0.015820 seconds .

========================================================================
Received Import Request.
  Time since last request: 76.686204 seconds.
  path: Assets/Resources/Scenes/SampleScene.unity
  artifactKey: Guid(2cda990e2423bbf4892e6590ba056729) Importer(815301076,1909f56bfc062723c751e8b465ee728b)
Start importing Assets/Resources/Scenes/SampleScene.unity using Guid(2cda990e2423bbf4892e6590ba056729) Importer(815301076,1909f56bfc062723c751e8b465ee728b)  -> (artifact id: '2f32d5827860c5a841db5e4bbed5e4b5') in 0.002248 seconds
  Import took 0.005549 seconds .

========================================================================
Received Import Request.
  Time since last request: 490.014239 seconds.
  path: Assets/CyberPunk/scenes/demo.unity
  artifactKey: Guid(4772325d445a6471b91f90617b289708) Importer(815301076,1909f56bfc062723c751e8b465ee728b)
Start importing Assets/CyberPunk/scenes/demo.unity using Guid(4772325d445a6471b91f90617b289708) Importer(815301076,1909f56bfc062723c751e8b465ee728b)  -> (artifact id: 'd0191871339ad7272a3a1ee632ecf30f') in 0.001419 seconds
  Import took 0.004772 seconds .

========================================================================
Received Import Request.
  Time since last request: 51.981051 seconds.
  path: Assets/CyberPunk/Scripts/Done_BGScroller.cs
  artifactKey: Guid(f082fc32369ba4f9882f0eb561e6be77) Importer(815301076,1909f56bfc062723c751e8b465ee728b)
Start importing Assets/CyberPunk/Scripts/Done_BGScroller.cs using Guid(f082fc32369ba4f9882f0eb561e6be77) Importer(815301076,1909f56bfc062723c751e8b465ee728b)  -> (artifact id: 'fae3241bf1963f88797195eb1f344a05') in 0.000935 seconds
  Import took 0.003595 seconds .

========================================================================
Received Import Request.
  Time since last request: 0.002685 seconds.
  path: Assets/CyberPunk/Scripts/Done_BGScroller.cs
  artifactKey: Guid(f082fc32369ba4f9882f0eb561e6be77) Importer(815301076,1909f56bfc062723c751e8b465ee728b)
Start importing Assets/CyberPunk/Scripts/Done_BGScroller.cs using Guid(f082fc32369ba4f9882f0eb561e6be77) Importer(815301076,1909f56bfc062723c751e8b465ee728b)  -> (artifact id: 'fae3241bf1963f88797195eb1f344a05') in 0.001087 seconds
  Import took 0.004070 seconds .

========================================================================
Received Import Request.
  Time since last request: 7.789748 seconds.
  path: Assets/CyberPunk/Scripts/Perspective2DSortMode.cs
  artifactKey: Guid(7c8d8b5a8281441e6b79347551d6a171) Importer(815301076,1909f56bfc062723c751e8b465ee728b)
Start importing Assets/CyberPunk/Scripts/Perspective2DSortMode.cs using Guid(7c8d8b5a8281441e6b79347551d6a171) Importer(815301076,1909f56bfc062723c751e8b465ee728b)  -> (artifact id: '2a1c8bbba874a599559c358a389c1796') in 0.001301 seconds
  Import took 0.004551 seconds .

========================================================================
Received Import Request.
  Time since last request: 0.000697 seconds.
  path: Assets/CyberPunk/Scripts/Perspective2DSortMode.cs
  artifactKey: Guid(7c8d8b5a8281441e6b79347551d6a171) Importer(815301076,1909f56bfc062723c751e8b465ee728b)
Start importing Assets/CyberPunk/Scripts/Perspective2DSortMode.cs using Guid(7c8d8b5a8281441e6b79347551d6a171) Importer(815301076,1909f56bfc062723c751e8b465ee728b)  -> (artifact id: '2a1c8bbba874a599559c358a389c1796') in 0.000985 seconds
  Import took 0.003904 seconds .

========================================================================
Received Import Request.
  Time since last request: 7.389289 seconds.
  path: Assets/CyberPunk/cyberPunkArtwork/back-buildings.png
  artifactKey: Guid(3a4b9847928664b89af00f52efdf5b90) Importer(815301076,1909f56bfc062723c751e8b465ee728b)
Start importing Assets/CyberPunk/cyberPunkArtwork/back-buildings.png using Guid(3a4b9847928664b89af00f52efdf5b90) Importer(815301076,1909f56bfc062723c751e8b465ee728b)  -> (artifact id: '2fc77ed923ed74a0884674a3306c5669') in 0.052070 seconds
  Import took 0.056548 seconds .

========================================================================
Received Import Request.
  Time since last request: 0.000154 seconds.
  path: Assets/CyberPunk/cyberPunkArtwork/far-buildings.png
  artifactKey: Guid(4616ea7ac03dc408f8ac4c1ce2106b2f) Importer(815301076,1909f56bfc062723c751e8b465ee728b)
Start importing Assets/CyberPunk/cyberPunkArtwork/far-buildings.png using Guid(4616ea7ac03dc408f8ac4c1ce2106b2f) Importer(815301076,1909f56bfc062723c751e8b465ee728b)  -> (artifact id: 'f86365a73bb0ccfb1636d3a3cf2e1d25') in 0.007451 seconds
  Import took 0.009976 seconds .

========================================================================
Received Import Request.
  Time since last request: 0.000186 seconds.
  path: Assets/CyberPunk/cyberPunkArtwork/foreground.png
  artifactKey: Guid(56e6f7504b3994bc189942af6b58001e) Importer(815301076,1909f56bfc062723c751e8b465ee728b)
Start importing Assets/CyberPunk/cyberPunkArtwork/foreground.png using Guid(56e6f7504b3994bc189942af6b58001e) Importer(815301076,1909f56bfc062723c751e8b465ee728b)  -> (artifact id: '19f1b2729e0ffe3c08428c215595330c') in 0.007864 seconds
  Import took 0.010241 seconds .

========================================================================
Received Import Request.
  Time since last request: 341.620620 seconds.
  path: Assets/Resources/Scenes
  artifactKey: Guid(eb10411b81cb65347b9593b8a07e986d) Importer(815301076,1909f56bfc062723c751e8b465ee728b)
Start importing Assets/Resources/Scenes using Guid(eb10411b81cb65347b9593b8a07e986d) Importer(815301076,1909f56bfc062723c751e8b465ee728b)  -> (artifact id: '836c9f247817497ec25efaf4ff52f462') in 0.001117 seconds
  Import took 0.004600 seconds .

========================================================================
Received Import Request.
  Time since last request: 9.348553 seconds.
  path: Assets/Resources/Scenes/Test.unity
  artifactKey: Guid(801fbbe93bb13f45d940e8cde5e88214) Importer(815301076,1909f56bfc062723c751e8b465ee728b)
Start importing Assets/Resources/Scenes/Test.unity using Guid(801fbbe93bb13f45d940e8cde5e88214) Importer(815301076,1909f56bfc062723c751e8b465ee728b)  -> (artifact id: '5adae7686c8612317da1e3e6f8120efd') in 0.001425 seconds
  Import took 0.003636 seconds .

========================================================================
Received Import Request.
  Time since last request: 7.550620 seconds.
  path: Assets/Scripts/Inventory
  artifactKey: Guid(cef4bf7075b38ebe5953ac8e08bf9026) Importer(815301076,1909f56bfc062723c751e8b465ee728b)
Start importing Assets/Scripts/Inventory using Guid(cef4bf7075b38ebe5953ac8e08bf9026) Importer(815301076,1909f56bfc062723c751e8b465ee728b)  -> (artifact id: 'db1fa20c1a9a46f448687ff8f4e508e4') in 0.001297 seconds
  Import took 0.004627 seconds .

========================================================================
Received Prepare
Registering precompiled user dll's ...
Registered in 0.000347 seconds.
Begin MonoManager ReloadAssembly
Native extension for LinuxStandalone target not found
Native extension for WindowsStandalone target not found
Refreshing native plugins compatible for Editor in 0.21 ms, found 0 plugins.
Preloading 0 native plugins for Editor in 0.00 ms.
Invoked RoslynAnalysisRunner static constructor.
RoslynAnalysisRunner will not be running.
RoslynAnalysisRunner has terminated.
Mono: successfully reloaded assembly
- Completed reload, in  0.858 seconds
Platform modules already initialized, skipping
Refreshing native plugins compatible for Editor in 0.38 ms, found 0 plugins.
Preloading 0 native plugins for Editor in 0.00 ms.
Unloading 1188 Unused Serialized files (Serialized files now loaded: 0)
System memory in use before: 55.0 MB.
System memory in use after: 55.1 MB.

Unloading 4 unused Assets to reduce memory usage. Loaded Objects now: 1657.
Total: 8.426677 ms (FindLiveObjects: 1.225259 ms CreateObjectMapping: 0.466435 ms MarkObjects: 6.673090 ms  DeleteObjects: 0.055004 ms)

========================================================================
Received Import Request.
  Time since last request: 26.798148 seconds.
  path: Assets/Scripts/Item
  artifactKey: Guid(21ee304932087b8df83fe5958b0d7da6) Importer(815301076,1909f56bfc062723c751e8b465ee728b)
Start importing Assets/Scripts/Item using Guid(21ee304932087b8df83fe5958b0d7da6) Importer(815301076,1909f56bfc062723c751e8b465ee728b)  -> (artifact id: '394b15707441727b0641e1087c36d190') in 0.003978 seconds
  Import took 0.006929 seconds .

========================================================================
Received Import Request.
  Time since last request: 28.645131 seconds.
  path: Assets/CyberPunk/cyberPunkArtwork/Materials/back-buildings.mat
  artifactKey: Guid(7b0bc611c89df4f79a049e38553b9345) Importer(815301076,1909f56bfc062723c751e8b465ee728b)
Start importing Assets/CyberPunk/cyberPunkArtwork/Materials/back-buildings.mat using Guid(7b0bc611c89df4f79a049e38553b9345) Importer(815301076,1909f56bfc062723c751e8b465ee728b)  -> (artifact id: '5399921d7a903cec451975f26f0ef715') in 0.076366 seconds
  Import took 0.080452 seconds .

========================================================================
Received Import Request.
  Time since last request: 0.000179 seconds.
  path: Assets/CyberPunk/cyberPunkArtwork/Materials/far-buildings.mat
  artifactKey: Guid(50e48fe306ea149a6b85d965311b623f) Importer(815301076,1909f56bfc062723c751e8b465ee728b)
Start importing Assets/CyberPunk/cyberPunkArtwork/Materials/far-buildings.mat using Guid(50e48fe306ea149a6b85d965311b623f) Importer(815301076,1909f56bfc062723c751e8b465ee728b)  -> (artifact id: '38212f6865b68d4fb03df0399a98b03a') in 0.107538 seconds
  Import took 0.109520 seconds .

========================================================================
Received Import Request.
  Time since last request: 0.000102 seconds.
  path: Assets/CyberPunk/cyberPunkArtwork/Materials/foreground 1.mat
  artifactKey: Guid(e8bcc0221c99e4b338635aec7d6713c9) Importer(815301076,1909f56bfc062723c751e8b465ee728b)
Start importing Assets/CyberPunk/cyberPunkArtwork/Materials/foreground 1.mat using Guid(e8bcc0221c99e4b338635aec7d6713c9) Importer(815301076,1909f56bfc062723c751e8b465ee728b)  -> (artifact id: 'bdce3af0ccf4644c106913b8e2481ba1') in 0.012988 seconds
  Import took 0.015603 seconds .

========================================================================
Received Import Request.
  Time since last request: 0.000127 seconds.
  path: Assets/CyberPunk/cyberPunkArtwork/Materials/foreground.mat
  artifactKey: Guid(37abe0bed80b74bc089d2cefd1f3e0e2) Importer(815301076,1909f56bfc062723c751e8b465ee728b)
Start importing Assets/CyberPunk/cyberPunkArtwork/Materials/foreground.mat using Guid(37abe0bed80b74bc089d2cefd1f3e0e2) Importer(815301076,1909f56bfc062723c751e8b465ee728b)  -> (artifact id: '14c978d4cf8360de92dfd9c1d8924a74') in 0.008723 seconds
  Import took 0.012303 seconds .

========================================================================
Received Import Request.
  Time since last request: 17.124006 seconds.
  path: Assets/CyberPunk/scenes/demo.unity
  artifactKey: Guid(4772325d445a6471b91f90617b289708) Importer(815301076,1909f56bfc062723c751e8b465ee728b)
Start importing Assets/CyberPunk/scenes/demo.unity using Guid(4772325d445a6471b91f90617b289708) Importer(815301076,1909f56bfc062723c751e8b465ee728b)  -> (artifact id: '44631914950a07e3c3a5895a94c10cf1') in 0.002129 seconds
  Import took 0.007001 seconds .

========================================================================
Received Import Request.
  Time since last request: 36.335406 seconds.
  path: Assets/CyberPunk/cyberPunkArtwork/Materials
  artifactKey: Guid(5fea5b37c474e4c4592cc6a58b130ecc) Importer(815301076,1909f56bfc062723c751e8b465ee728b)
Start importing Assets/CyberPunk/cyberPunkArtwork/Materials using Guid(5fea5b37c474e4c4592cc6a58b130ecc) Importer(815301076,1909f56bfc062723c751e8b465ee728b)  -> (artifact id: '200bbe7680b15e3e6052f24d5544db77') in 0.000942 seconds
  Import took 0.003492 seconds .

========================================================================
Received Import Request.
  Time since last request: 29.756681 seconds.
  path: Assets/CyberPunk/cyberPunkArtwork/back-buildings.png
  artifactKey: Guid(3a4b9847928664b89af00f52efdf5b90) Importer(815301076,1909f56bfc062723c751e8b465ee728b)
Start importing Assets/CyberPunk/cyberPunkArtwork/back-buildings.png using Guid(3a4b9847928664b89af00f52efdf5b90) Importer(815301076,1909f56bfc062723c751e8b465ee728b)  -> (artifact id: '901fc3e100e810dc32c71ccd4ab19073') in 0.017363 seconds
  Import took 0.019689 seconds .

========================================================================
Received Import Request.
  Time since last request: 383.515433 seconds.
  path: Assets/Resources/Scenes/Test.unity
  artifactKey: Guid(801fbbe93bb13f45d940e8cde5e88214) Importer(815301076,1909f56bfc062723c751e8b465ee728b)
Start importing Assets/Resources/Scenes/Test.unity using Guid(801fbbe93bb13f45d940e8cde5e88214) Importer(815301076,1909f56bfc062723c751e8b465ee728b)  -> (artifact id: '30cacc5e6ce4443ad21cf9fd45715454') in 0.001757 seconds
  Import took 0.007839 seconds .

========================================================================
Received Prepare
Registering precompiled user dll's ...
Registered in 0.000417 seconds.
Begin MonoManager ReloadAssembly
Native extension for LinuxStandalone target not found
Native extension for WindowsStandalone target not found
Refreshing native plugins compatible for Editor in 0.21 ms, found 0 plugins.
Preloading 0 native plugins for Editor in 0.00 ms.
Invoked RoslynAnalysisRunner static constructor.
RoslynAnalysisRunner will not be running.
RoslynAnalysisRunner has terminated.
Mono: successfully reloaded assembly
- Completed reload, in  0.705 seconds
Platform modules already initialized, skipping
Refreshing native plugins compatible for Editor in 0.20 ms, found 0 plugins.
Preloading 0 native plugins for Editor in 0.00 ms.
Unloading 1188 Unused Serialized files (Serialized files now loaded: 0)
System memory in use before: 55.4 MB.
System memory in use after: 55.4 MB.

Unloading 4 unused Assets to reduce memory usage. Loaded Objects now: 1700.
Total: 1.937734 ms (FindLiveObjects: 0.133869 ms CreateObjectMapping: 0.034686 ms MarkObjects: 1.749648 ms  DeleteObjects: 0.018461 ms)

========================================================================
Received Prepare
Registering precompiled user dll's ...
Registered in 0.000652 seconds.
Begin MonoManager ReloadAssembly
Native extension for LinuxStandalone target not found
Native extension for WindowsStandalone target not found
Refreshing native plugins compatible for Editor in 0.22 ms, found 0 plugins.
Preloading 0 native plugins for Editor in 0.00 ms.
Invoked RoslynAnalysisRunner static constructor.
RoslynAnalysisRunner will not be running.
RoslynAnalysisRunner has terminated.
Mono: successfully reloaded assembly
- Completed reload, in  0.830 seconds
Platform modules already initialized, skipping
Refreshing native plugins compatible for Editor in 0.22 ms, found 0 plugins.
Preloading 0 native plugins for Editor in 0.00 ms.
Unloading 1188 Unused Serialized files (Serialized files now loaded: 0)
System memory in use before: 55.4 MB.
System memory in use after: 55.5 MB.

Unloading 4 unused Assets to reduce memory usage. Loaded Objects now: 1703.
Total: 2.584955 ms (FindLiveObjects: 0.281831 ms CreateObjectMapping: 0.066905 ms MarkObjects: 2.212744 ms  DeleteObjects: 0.021681 ms)

========================================================================
Received Prepare
Registering precompiled user dll's ...
Registered in 0.000536 seconds.
Begin MonoManager ReloadAssembly
Native extension for LinuxStandalone target not found
Native extension for WindowsStandalone target not found
Refreshing native plugins compatible for Editor in 0.21 ms, found 0 plugins.
Preloading 0 native plugins for Editor in 0.00 ms.
Invoked RoslynAnalysisRunner static constructor.
RoslynAnalysisRunner will not be running.
RoslynAnalysisRunner has terminated.
Mono: successfully reloaded assembly
- Completed reload, in  0.778 seconds
Platform modules already initialized, skipping
Refreshing native plugins compatible for Editor in 0.19 ms, found 0 plugins.
Preloading 0 native plugins for Editor in 0.00 ms.
Unloading 1188 Unused Serialized files (Serialized files now loaded: 0)
System memory in use before: 55.4 MB.
System memory in use after: 55.5 MB.

Unloading 4 unused Assets to reduce memory usage. Loaded Objects now: 1706.
Total: 1.943750 ms (FindLiveObjects: 0.135894 ms CreateObjectMapping: 0.028335 ms MarkObjects: 1.761591 ms  DeleteObjects: 0.017031 ms)

========================================================================
Received Import Request.
  Time since last request: 315.882751 seconds.
  path: Assets/Resources/Scenes/Test.unity
  artifactKey: Guid(801fbbe93bb13f45d940e8cde5e88214) Importer(815301076,1909f56bfc062723c751e8b465ee728b)
Start importing Assets/Resources/Scenes/Test.unity using Guid(801fbbe93bb13f45d940e8cde5e88214) Importer(815301076,1909f56bfc062723c751e8b465ee728b)  -> (artifact id: '57b2e5851cd7e09699911024d4ce91fa') in 0.008687 seconds
  Import took 0.012028 seconds .

========================================================================
Received Import Request.
  Time since last request: 0.917372 seconds.
  path: Assets/Resources/Scenes/Test.unity
  artifactKey: Guid(801fbbe93bb13f45d940e8cde5e88214) Importer(815301076,1909f56bfc062723c751e8b465ee728b)
Start importing Assets/Resources/Scenes/Test.unity using Guid(801fbbe93bb13f45d940e8cde5e88214) Importer(815301076,1909f56bfc062723c751e8b465ee728b)  -> (artifact id: '89389fdad0f04d3932e076b67a83eac5') in 0.001349 seconds
  Import took 0.003563 seconds .

========================================================================
Received Prepare
Registering precompiled user dll's ...
Registered in 0.000566 seconds.
Begin MonoManager ReloadAssembly
Native extension for LinuxStandalone target not found
Native extension for WindowsStandalone target not found
Refreshing native plugins compatible for Editor in 0.21 ms, found 0 plugins.
Preloading 0 native plugins for Editor in 0.00 ms.
Invoked RoslynAnalysisRunner static constructor.
RoslynAnalysisRunner will not be running.
RoslynAnalysisRunner has terminated.
Mono: successfully reloaded assembly
- Completed reload, in  0.878 seconds
Platform modules already initialized, skipping
Refreshing native plugins compatible for Editor in 0.44 ms, found 0 plugins.
Preloading 0 native plugins for Editor in 0.00 ms.
Unloading 1188 Unused Serialized files (Serialized files now loaded: 0)
System memory in use before: 55.4 MB.
System memory in use after: 55.5 MB.

Unloading 4 unused Assets to reduce memory usage. Loaded Objects now: 1709.
Total: 5.785489 ms (FindLiveObjects: 0.852502 ms CreateObjectMapping: 0.309794 ms MarkObjects: 4.573748 ms  DeleteObjects: 0.045799 ms)

========================================================================
Received Prepare
Registering precompiled user dll's ...
Registered in 0.000400 seconds.
Begin MonoManager ReloadAssembly
Native extension for LinuxStandalone target not found
Native extension for WindowsStandalone target not found
Refreshing native plugins compatible for Editor in 0.20 ms, found 0 plugins.
Preloading 0 native plugins for Editor in 0.00 ms.
Invoked RoslynAnalysisRunner static constructor.
RoslynAnalysisRunner will not be running.
RoslynAnalysisRunner has terminated.
Mono: successfully reloaded assembly
- Completed reload, in  0.896 seconds
Platform modules already initialized, skipping
Refreshing native plugins compatible for Editor in 0.22 ms, found 0 plugins.
Preloading 0 native plugins for Editor in 0.00 ms.
Unloading 1188 Unused Serialized files (Serialized files now loaded: 0)
System memory in use before: 55.4 MB.
System memory in use after: 55.5 MB.

Unloading 4 unused Assets to reduce memory usage. Loaded Objects now: 1712.
Total: 2.310653 ms (FindLiveObjects: 0.335517 ms CreateObjectMapping: 0.063669 ms MarkObjects: 1.891936 ms  DeleteObjects: 0.018374 ms)

========================================================================
Received Import Request.
  Time since last request: 674.806165 seconds.
  path: Assets/Resources/Scenes/Test.unity
  artifactKey: Guid(801fbbe93bb13f45d940e8cde5e88214) Importer(815301076,1909f56bfc062723c751e8b465ee728b)
Start importing Assets/Resources/Scenes/Test.unity using Guid(801fbbe93bb13f45d940e8cde5e88214) Importer(815301076,1909f56bfc062723c751e8b465ee728b)  -> (artifact id: '485c6e3790c577e33e1555d494097dd1') in 0.018062 seconds
  Import took 0.023212 seconds .

========================================================================
Received Prepare
Registering precompiled user dll's ...
Registered in 0.000609 seconds.
Begin MonoManager ReloadAssembly
Native extension for LinuxStandalone target not found
Native extension for WindowsStandalone target not found
Refreshing native plugins compatible for Editor in 0.27 ms, found 0 plugins.
Preloading 0 native plugins for Editor in 0.00 ms.
Invoked RoslynAnalysisRunner static constructor.
RoslynAnalysisRunner will not be running.
RoslynAnalysisRunner has terminated.
Mono: successfully reloaded assembly
- Completed reload, in  1.053 seconds
Platform modules already initialized, skipping
Refreshing native plugins compatible for Editor in 0.27 ms, found 0 plugins.
Preloading 0 native plugins for Editor in 0.00 ms.
Unloading 1188 Unused Serialized files (Serialized files now loaded: 0)
System memory in use before: 55.4 MB.
System memory in use after: 55.5 MB.

Unloading 4 unused Assets to reduce memory usage. Loaded Objects now: 1715.
Total: 8.021940 ms (FindLiveObjects: 0.679972 ms CreateObjectMapping: 0.295128 ms MarkObjects: 7.020850 ms  DeleteObjects: 0.021778 ms)

========================================================================
Received Import Request.
  Time since last request: 90.989613 seconds.
  path: Assets/Resources/Scenes/Test.unity
  artifactKey: Guid(801fbbe93bb13f45d940e8cde5e88214) Importer(815301076,1909f56bfc062723c751e8b465ee728b)
Start importing Assets/Resources/Scenes/Test.unity using Guid(801fbbe93bb13f45d940e8cde5e88214) Importer(815301076,1909f56bfc062723c751e8b465ee728b)  -> (artifact id: 'd5c86bc08b044e1d0e5d20143a5c2aca') in 0.017525 seconds
  Import took 0.022724 seconds .

========================================================================
Received Prepare
Registering precompiled user dll's ...
Registered in 0.000422 seconds.
Begin MonoManager ReloadAssembly
Native extension for LinuxStandalone target not found
Native extension for WindowsStandalone target not found
Refreshing native plugins compatible for Editor in 0.20 ms, found 0 plugins.
Preloading 0 native plugins for Editor in 0.00 ms.
Invoked RoslynAnalysisRunner static constructor.
RoslynAnalysisRunner will not be running.
RoslynAnalysisRunner has terminated.
Mono: successfully reloaded assembly
- Completed reload, in  0.822 seconds
Platform modules already initialized, skipping
Refreshing native plugins compatible for Editor in 0.26 ms, found 0 plugins.
Preloading 0 native plugins for Editor in 0.00 ms.
Unloading 1188 Unused Serialized files (Serialized files now loaded: 0)
System memory in use before: 55.4 MB.
System memory in use after: 55.5 MB.

Unloading 4 unused Assets to reduce memory usage. Loaded Objects now: 1718.
Total: 2.267229 ms (FindLiveObjects: 0.201920 ms CreateObjectMapping: 0.070828 ms MarkObjects: 1.963401 ms  DeleteObjects: 0.029629 ms)

========================================================================
Received Import Request.
  Time since last request: 210.892193 seconds.
  path: Assets/CyberPunk/scenes/demoSettings.lighting
  artifactKey: Guid(15a91c6a6bcfa97b69fe83033f7f19ce) Importer(815301076,1909f56bfc062723c751e8b465ee728b)
Start importing Assets/CyberPunk/scenes/demoSettings.lighting using Guid(15a91c6a6bcfa97b69fe83033f7f19ce) Importer(815301076,1909f56bfc062723c751e8b465ee728b) LightingSettings: switching bake backend from 1 to 0.
 -> (artifact id: 'c44620a8841a4bf124b8891880a9d6f0') in 0.020509 seconds
  Import took 0.025382 seconds .

========================================================================
Received Import Request.
  Time since last request: 20.153464 seconds.
  path: Assets/Resources/Scenes/Test.unity
  artifactKey: Guid(801fbbe93bb13f45d940e8cde5e88214) Importer(815301076,1909f56bfc062723c751e8b465ee728b)
Start importing Assets/Resources/Scenes/Test.unity using Guid(801fbbe93bb13f45d940e8cde5e88214) Importer(815301076,1909f56bfc062723c751e8b465ee728b)  -> (artifact id: '265a6ad3094098bdcb8252b705802229') in 0.003437 seconds
  Import took 0.011187 seconds .

========================================================================
Received Import Request.
  Time since last request: 167.737568 seconds.
  path: Assets/Resources/Scenes/Test.unity
  artifactKey: Guid(801fbbe93bb13f45d940e8cde5e88214) Importer(815301076,1909f56bfc062723c751e8b465ee728b)
Start importing Assets/Resources/Scenes/Test.unity using Guid(801fbbe93bb13f45d940e8cde5e88214) Importer(815301076,1909f56bfc062723c751e8b465ee728b)  -> (artifact id: 'ec6bfb80f64d5f0af83ca3736b85cc96') in 0.004703 seconds
  Import took 0.012638 seconds .

========================================================================
Received Import Request.
  Time since last request: 0.001194 seconds.
  path: Assets/Resources/Scenes/Test.unity
  artifactKey: Guid(801fbbe93bb13f45d940e8cde5e88214) Importer(815301076,1909f56bfc062723c751e8b465ee728b)
Start importing Assets/Resources/Scenes/Test.unity using Guid(801fbbe93bb13f45d940e8cde5e88214) Importer(815301076,1909f56bfc062723c751e8b465ee728b)  -> (artifact id: 'ec6bfb80f64d5f0af83ca3736b85cc96') in 0.002068 seconds
  Import took 0.006509 seconds .

========================================================================
Received Import Request.
  Time since last request: 46.617056 seconds.
  path: Assets/Resources/Scenes/Test1.unity
  artifactKey: Guid(d78244d00a9ea00d9bb0bbb8352ce7a5) Importer(815301076,1909f56bfc062723c751e8b465ee728b)
Start importing Assets/Resources/Scenes/Test1.unity using Guid(d78244d00a9ea00d9bb0bbb8352ce7a5) Importer(815301076,1909f56bfc062723c751e8b465ee728b)  -> (artifact id: '11223e1fbddb794ac46dcd88b5dd03cc') in 0.003259 seconds
  Import took 0.008908 seconds .

========================================================================
Received Prepare
Registering precompiled user dll's ...
Registered in 0.000408 seconds.
Begin MonoManager ReloadAssembly
Native extension for LinuxStandalone target not found
Native extension for WindowsStandalone target not found
Refreshing native plugins compatible for Editor in 0.87 ms, found 0 plugins.
Preloading 0 native plugins for Editor in 0.00 ms.
Invoked RoslynAnalysisRunner static constructor.
RoslynAnalysisRunner will not be running.
RoslynAnalysisRunner has terminated.
Mono: successfully reloaded assembly
- Completed reload, in  0.918 seconds
Platform modules already initialized, skipping
Refreshing native plugins compatible for Editor in 0.93 ms, found 0 plugins.
Preloading 0 native plugins for Editor in 0.00 ms.
Unloading 1188 Unused Serialized files (Serialized files now loaded: 0)
System memory in use before: 55.5 MB.
System memory in use after: 55.5 MB.

Unloading 4 unused Assets to reduce memory usage. Loaded Objects now: 1721.
Total: 5.351606 ms (FindLiveObjects: 0.672280 ms CreateObjectMapping: 0.254123 ms MarkObjects: 4.374143 ms  DeleteObjects: 0.045444 ms)

========================================================================
Received Prepare
Registering precompiled user dll's ...
Registered in 0.000387 seconds.
Begin MonoManager ReloadAssembly
Native extension for LinuxStandalone target not found
Native extension for WindowsStandalone target not found
Refreshing native plugins compatible for Editor in 0.24 ms, found 0 plugins.
Preloading 0 native plugins for Editor in 0.00 ms.
Invoked RoslynAnalysisRunner static constructor.
RoslynAnalysisRunner will not be running.
RoslynAnalysisRunner has terminated.
Mono: successfully reloaded assembly
- Completed reload, in  0.875 seconds
Platform modules already initialized, skipping
Refreshing native plugins compatible for Editor in 0.21 ms, found 0 plugins.
Preloading 0 native plugins for Editor in 0.00 ms.
Unloading 1188 Unused Serialized files (Serialized files now loaded: 0)
System memory in use before: 55.5 MB.
System memory in use after: 55.6 MB.

Unloading 4 unused Assets to reduce memory usage. Loaded Objects now: 1724.
Total: 3.101369 ms (FindLiveObjects: 0.182157 ms CreateObjectMapping: 0.102550 ms MarkObjects: 2.766881 ms  DeleteObjects: 0.047754 ms)

========================================================================
Received Prepare
Registering precompiled user dll's ...
Registered in 0.001242 seconds.
Begin MonoManager ReloadAssembly
Native extension for LinuxStandalone target not found
Native extension for WindowsStandalone target not found
Refreshing native plugins compatible for Editor in 1.19 ms, found 0 plugins.
Preloading 0 native plugins for Editor in 0.00 ms.
Invoked RoslynAnalysisRunner static constructor.
RoslynAnalysisRunner will not be running.
RoslynAnalysisRunner has terminated.
Mono: successfully reloaded assembly
- Completed reload, in  1.145 seconds
Platform modules already initialized, skipping
Refreshing native plugins compatible for Editor in 0.38 ms, found 0 plugins.
Preloading 0 native plugins for Editor in 0.00 ms.
Unloading 1188 Unused Serialized files (Serialized files now loaded: 0)
System memory in use before: 55.5 MB.
System memory in use after: 55.6 MB.

Unloading 4 unused Assets to reduce memory usage. Loaded Objects now: 1727.
Total: 3.028500 ms (FindLiveObjects: 0.562163 ms CreateObjectMapping: 0.050601 ms MarkObjects: 2.372393 ms  DeleteObjects: 0.041300 ms)

========================================================================
Received Prepare
Registering precompiled user dll's ...
Registered in 0.000554 seconds.
Begin MonoManager ReloadAssembly
Native extension for LinuxStandalone target not found
Native extension for WindowsStandalone target not found
Refreshing native plugins compatible for Editor in 0.33 ms, found 0 plugins.
Preloading 0 native plugins for Editor in 0.00 ms.
Invoked RoslynAnalysisRunner static constructor.
RoslynAnalysisRunner will not be running.
RoslynAnalysisRunner has terminated.
Mono: successfully reloaded assembly
- Completed reload, in  0.769 seconds
Platform modules already initialized, skipping
Refreshing native plugins compatible for Editor in 0.50 ms, found 0 plugins.
Preloading 0 native plugins for Editor in 0.00 ms.
Unloading 1188 Unused Serialized files (Serialized files now loaded: 0)
System memory in use before: 55.5 MB.
System memory in use after: 55.6 MB.

Unloading 4 unused Assets to reduce memory usage. Loaded Objects now: 1730.
Total: 3.396336 ms (FindLiveObjects: 0.252748 ms CreateObjectMapping: 0.055561 ms MarkObjects: 3.055343 ms  DeleteObjects: 0.030685 ms)

========================================================================
Received Prepare
Registering precompiled user dll's ...
Registered in 0.001082 seconds.
Begin MonoManager ReloadAssembly
Native extension for LinuxStandalone target not found
Native extension for WindowsStandalone target not found
Refreshing native plugins compatible for Editor in 0.56 ms, found 0 plugins.
Preloading 0 native plugins for Editor in 0.00 ms.
Invoked RoslynAnalysisRunner static constructor.
RoslynAnalysisRunner will not be running.
RoslynAnalysisRunner has terminated.
Mono: successfully reloaded assembly
- Completed reload, in  1.078 seconds
Platform modules already initialized, skipping
Refreshing native plugins compatible for Editor in 0.34 ms, found 0 plugins.
Preloading 0 native plugins for Editor in 0.00 ms.
Unloading 1188 Unused Serialized files (Serialized files now loaded: 0)
System memory in use before: 55.5 MB.
System memory in use after: 55.6 MB.

Unloading 4 unused Assets to reduce memory usage. Loaded Objects now: 1733.
Total: 3.536801 ms (FindLiveObjects: 0.164305 ms CreateObjectMapping: 0.038880 ms MarkObjects: 3.248192 ms  DeleteObjects: 0.082235 ms)

========================================================================
Received Prepare
Registering precompiled user dll's ...
Registered in 0.000468 seconds.
Begin MonoManager ReloadAssembly
Native extension for LinuxStandalone target not found
Native extension for WindowsStandalone target not found
Refreshing native plugins compatible for Editor in 0.22 ms, found 0 plugins.
Preloading 0 native plugins for Editor in 0.00 ms.
Invoked RoslynAnalysisRunner static constructor.
RoslynAnalysisRunner will not be running.
RoslynAnalysisRunner has terminated.
Mono: successfully reloaded assembly
- Completed reload, in  0.751 seconds
Platform modules already initialized, skipping
Refreshing native plugins compatible for Editor in 0.21 ms, found 0 plugins.
Preloading 0 native plugins for Editor in 0.00 ms.
Unloading 1188 Unused Serialized files (Serialized files now loaded: 0)
System memory in use before: 55.5 MB.
System memory in use after: 55.6 MB.

Unloading 4 unused Assets to reduce memory usage. Loaded Objects now: 1736.
Total: 1.921221 ms (FindLiveObjects: 0.136497 ms CreateObjectMapping: 0.035670 ms MarkObjects: 1.729730 ms  DeleteObjects: 0.018195 ms)

========================================================================
Received Prepare
Registering precompiled user dll's ...
Registered in 0.000485 seconds.
Begin MonoManager ReloadAssembly
Native extension for LinuxStandalone target not found
Native extension for WindowsStandalone target not found
Refreshing native plugins compatible for Editor in 0.36 ms, found 0 plugins.
Preloading 0 native plugins for Editor in 0.00 ms.
Invoked RoslynAnalysisRunner static constructor.
RoslynAnalysisRunner will not be running.
RoslynAnalysisRunner has terminated.
Mono: successfully reloaded assembly
- Completed reload, in  0.929 seconds
Platform modules already initialized, skipping
Refreshing native plugins compatible for Editor in 0.19 ms, found 0 plugins.
Preloading 0 native plugins for Editor in 0.00 ms.
Unloading 1188 Unused Serialized files (Serialized files now loaded: 0)
System memory in use before: 55.5 MB.
System memory in use after: 55.6 MB.

Unloading 4 unused Assets to reduce memory usage. Loaded Objects now: 1739.
Total: 1.891184 ms (FindLiveObjects: 0.145052 ms CreateObjectMapping: 0.037219 ms MarkObjects: 1.690019 ms  DeleteObjects: 0.017935 ms)

========================================================================
Received Prepare
Registering precompiled user dll's ...
Registered in 0.001165 seconds.
Begin MonoManager ReloadAssembly
Native extension for LinuxStandalone target not found
Native extension for WindowsStandalone target not found
Refreshing native plugins compatible for Editor in 0.20 ms, found 0 plugins.
Preloading 0 native plugins for Editor in 0.00 ms.
Invoked RoslynAnalysisRunner static constructor.
RoslynAnalysisRunner will not be running.
RoslynAnalysisRunner has terminated.
Mono: successfully reloaded assembly
- Completed reload, in  0.710 seconds
Platform modules already initialized, skipping
Refreshing native plugins compatible for Editor in 0.20 ms, found 0 plugins.
Preloading 0 native plugins for Editor in 0.00 ms.
Unloading 1188 Unused Serialized files (Serialized files now loaded: 0)
System memory in use before: 55.5 MB.
System memory in use after: 55.6 MB.

Unloading 4 unused Assets to reduce memory usage. Loaded Objects now: 1742.
Total: 1.987999 ms (FindLiveObjects: 0.177776 ms CreateObjectMapping: 0.041745 ms MarkObjects: 1.748920 ms  DeleteObjects: 0.018598 ms)

========================================================================
Received Prepare
Registering precompiled user dll's ...
Registered in 0.000946 seconds.
Begin MonoManager ReloadAssembly
Native extension for LinuxStandalone target not found
Native extension for WindowsStandalone target not found
Refreshing native plugins compatible for Editor in 0.24 ms, found 0 plugins.
Preloading 0 native plugins for Editor in 0.00 ms.
Invoked RoslynAnalysisRunner static constructor.
RoslynAnalysisRunner will not be running.
RoslynAnalysisRunner has terminated.
Mono: successfully reloaded assembly
- Completed reload, in  0.915 seconds
Platform modules already initialized, skipping
Refreshing native plugins compatible for Editor in 0.65 ms, found 0 plugins.
Preloading 0 native plugins for Editor in 0.00 ms.
Unloading 1188 Unused Serialized files (Serialized files now loaded: 0)
System memory in use before: 55.5 MB.
System memory in use after: 55.6 MB.

Unloading 4 unused Assets to reduce memory usage. Loaded Objects now: 1745.
Total: 3.593947 ms (FindLiveObjects: 0.232863 ms CreateObjectMapping: 0.049771 ms MarkObjects: 3.286008 ms  DeleteObjects: 0.023070 ms)

========================================================================
Received Prepare
Registering precompiled user dll's ...
Registered in 0.001240 seconds.
Begin MonoManager ReloadAssembly
Native extension for LinuxStandalone target not found
Native extension for WindowsStandalone target not found
Refreshing native plugins compatible for Editor in 0.21 ms, found 0 plugins.
Preloading 0 native plugins for Editor in 0.00 ms.
Invoked RoslynAnalysisRunner static constructor.
RoslynAnalysisRunner will not be running.
RoslynAnalysisRunner has terminated.
Mono: successfully reloaded assembly
- Completed reload, in  0.821 seconds
Platform modules already initialized, skipping
Refreshing native plugins compatible for Editor in 0.19 ms, found 0 plugins.
Preloading 0 native plugins for Editor in 0.00 ms.
Unloading 1188 Unused Serialized files (Serialized files now loaded: 0)
System memory in use before: 55.5 MB.
System memory in use after: 55.6 MB.

Unloading 4 unused Assets to reduce memory usage. Loaded Objects now: 1748.
Total: 2.620846 ms (FindLiveObjects: 0.179839 ms CreateObjectMapping: 0.044273 ms MarkObjects: 2.372509 ms  DeleteObjects: 0.022168 ms)

========================================================================
Received Prepare
Registering precompiled user dll's ...
Registered in 0.001526 seconds.
Begin MonoManager ReloadAssembly
Native extension for LinuxStandalone target not found
Native extension for WindowsStandalone target not found
Refreshing native plugins compatible for Editor in 1.23 ms, found 0 plugins.
Preloading 0 native plugins for Editor in 0.00 ms.
Invoked RoslynAnalysisRunner static constructor.
RoslynAnalysisRunner will not be running.
RoslynAnalysisRunner has terminated.
Mono: successfully reloaded assembly
- Completed reload, in  2.667 seconds
Platform modules already initialized, skipping
Refreshing native plugins compatible for Editor in 0.24 ms, found 0 plugins.
Preloading 0 native plugins for Editor in 0.00 ms.
Unloading 1188 Unused Serialized files (Serialized files now loaded: 0)
System memory in use before: 55.6 MB.
System memory in use after: 55.7 MB.

Unloading 4 unused Assets to reduce memory usage. Loaded Objects now: 1751.
Total: 3.311806 ms (FindLiveObjects: 0.263025 ms CreateObjectMapping: 0.084647 ms MarkObjects: 2.904914 ms  DeleteObjects: 0.042331 ms)

AssetImportWorkerClient::OnTransportError - code=104 error=
